Generated automatically by private/update-coverage. Do not edit.

Name                      Stmts   Miss Branch BrMiss  Cover   Missing
---------------------------------------------------------------------
lib                           3      0      0      0   100%
lib.cli                     228     62     94     45    67%   102-119, 261-285, 287-288, 303, 307, 318-320, 324-343
lib.djvu_support            244    120     81     52    47%   47-49, 84, 111, 114, 123, 143-165, 169-172, 175-177, 181-184, 188, 194-202, 205-219, 223, 225, 227, 229, 231, 237-238, 247-248, 251, 253, 256, 269-309, 312-320
lib.fs                       14      0      2      0   100%
lib.gamera_support          128      5     42      6    94%   154, 192-194, 197
lib.ipc                      96      4     36      7    92%   106, 146-148
lib.templates                40      0     14      0   100%
lib.temporary                20      0      0      0   100%
lib.timestamp                26      1      2      0    96%   45
lib.utils                    11      0      4      0   100%
lib.version                   8      0      0      0   100%
lib.xmp                      48      4      8      3    88%   94-97
lib.xmp.libxmp_backend       66      4     20      2    93%   51-54
lib.xmp.namespaces            6      0      0      0   100%
lib.xmp.pyexiv2_backend     130      9     24      4    92%   60-62, 73, 123, 134-135, 150-151
---------------------------------------------------------------------
TOTAL                      1068    209    327    119    76%
